<?xml version="1.0" encoding="UTF-8"?>
<!-- Generated by org.testng.reporters.JUnitReportReporter -->
<testsuite hostname="GSK-QA-062" failures="0" tests="1" name="KTPages.KTPages" time="144.017" errors="0" timestamp="2022-01-05T13:44:35 IST" skipped="0">
  <testcase classname="KTPages.KTPages" name="browser" time="144.017"/>
  <system-out/>
</testsuite> <!-- KTPages.KTPages -->
