<?xml version="1.0" encoding="UTF-8"?>
<!-- Generated by org.testng.reporters.JUnitReportReporter -->
<testsuite hostname="GSK-QA-062" failures="0" tests="1" name="KTPages.KTPages" time="224.266" errors="0" timestamp="2021-12-31T17:51:31 IST" skipped="0">
  <testcase classname="KTPages.KTPages" name="browser" time="224.266"/>
  <system-out/>
</testsuite> <!-- KTPages.KTPages -->
