<?xml version="1.0" encoding="UTF-8"?>
<!-- Generated by org.testng.reporters.JUnitReportReporter -->
<testsuite hostname="GSK-QA-062" failures="0" tests="1" name="KTPages" time="272.901" errors="0" timestamp="2021-12-27T15:21:11 IST" skipped="0">
  <testcase classname="KTPages" name="browser" time="272.901"/>
  <system-out/>
</testsuite> <!-- KTPages -->
