<?xml version="1.0" encoding="UTF-8"?>
<!-- Generated by org.testng.reporters.JUnitReportReporter -->
<testsuite hostname="GSK-QA-062" failures="0" tests="1" name="KTPages.KTPages" time="369.623" errors="0" timestamp="2022-06-02T13:44:26 IST" skipped="0">
  <testcase classname="KTPages.KTPages" name="browser" time="369.623"/>
  <system-out/>
</testsuite> <!-- KTPages.KTPages -->
